生成启动时间为 2020/10/27 18:36:52。
     1>项目“C:\Users\45819\Documents\Visual Studio 2010\Projects\MsgBoxAWatcher\MsgBoxAWatcher_Ring3\MsgBoxAWatcher_Ring3.vcxproj”在节点 3 上(rebuild 个目标)。
     1>_PrepareForClean:
         正在删除文件“Debug\MsgBoxAWatcher_Ring3.lastbuildstate”。
       InitializeBuildStatus:
         正在创建“Debug\MsgBoxAWatcher_Ring3.unsuccessfulbuild”，因为已指定“AlwaysCreate”。
       ClCompile:
         C:\Program Files (x86)\Microsoft Visual Studio 10.0\VC\bin\CL.exe /c /ZI /nologo /W3 /WX- /Od /Oy- /D WIN32 /D _DEBUG /D _CONSOLE /D _UNICODE /D UNICODE /Gm /EHsc /RTC1 /MDd /GS /fp:precise /Zc:wchar_t /Zc:forScope /Yc"StdAfx.h" /Fp"Debug\MsgBoxAWatcher_Ring3.pch" /Fo"Debug\\" /Fd"Debug\vc100.pdb" /Gd /TP /analyze- /errorReport:prompt stdafx.cpp
         stdafx.cpp
         C:\Program Files (x86)\Microsoft Visual Studio 10.0\VC\bin\CL.exe /c /ZI /nologo /W3 /WX- /Od /Oy- /D WIN32 /D _DEBUG /D _CONSOLE /D _UNICODE /D UNICODE /Gm /EHsc /RTC1 /MDd /GS /fp:precise /Zc:wchar_t /Zc:forScope /Yu"StdAfx.h" /Fp"Debug\MsgBoxAWatcher_Ring3.pch" /Fo"Debug\\" /Fd"Debug\vc100.pdb" /Gd /TP /analyze- /errorReport:prompt MsgBoxAWatcher_Ring3.cpp
         MsgBoxAWatcher_Ring3.cpp
       ManifestResourceCompile:
         C:\Program Files (x86)\Microsoft SDKs\Windows\v7.0A\bin\rc.exe /nologo /fo"Debug\MsgBoxAWatcher_Ring3.exe.embed.manifest.res" Debug\MsgBoxAWatcher_Ring3_manifest.rc 
       Link:
         C:\Program Files (x86)\Microsoft Visual Studio 10.0\VC\bin\link.exe /ERRORREPORT:PROMPT /OUT:"C:\Users\45819\Documents\Visual Studio 2010\Projects\MsgBoxAWatcher\Debug\MsgBoxAWatcher_Ring3.exe" /INCREMENTAL /NOLOGO kernel32.lib user32.lib gdi32.lib winspool.lib comdlg32.lib advapi32.lib shell32.lib ole32.lib oleaut32.lib uuid.lib odbc32.lib odbccp32.lib /MANIFEST /ManifestFile:"Debug\MsgBoxAWatcher_Ring3.exe.intermediate.manifest" /MANIFESTUAC:"level='asInvoker' uiAccess='false'" /DEBUG /PDB:"C:\Users\45819\Documents\Visual Studio 2010\Projects\MsgBoxAWatcher\Debug\MsgBoxAWatcher_Ring3.pdb" /SUBSYSTEM:CONSOLE /TLBID:1 /DYNAMICBASE /NXCOMPAT /IMPLIB:"C:\Users\45819\Documents\Visual Studio 2010\Projects\MsgBoxAWatcher\Debug\MsgBoxAWatcher_Ring3.lib" /MACHINE:X86 Debug\MsgBoxAWatcher_Ring3.exe.embed.manifest.res
         Debug\MsgBoxAWatcher_Ring3.obj
         Debug\stdafx.obj
       Manifest:
         正在删除文件“Debug\MsgBoxAWatcher_Ring3.exe.embed.manifest”。
         C:\Program Files (x86)\Microsoft SDKs\Windows\v7.0A\bin\mt.exe /nologo /verbose /out:"Debug\MsgBoxAWatcher_Ring3.exe.embed.manifest" /manifest Debug\MsgBoxAWatcher_Ring3.exe.intermediate.manifest
         C:\Program Files (x86)\Microsoft SDKs\Windows\v7.0A\bin\rc.exe /nologo /fo"Debug\MsgBoxAWatcher_Ring3.exe.embed.manifest.res" Debug\MsgBoxAWatcher_Ring3_manifest.rc 
       LinkEmbedManifest:
         C:\Program Files (x86)\Microsoft Visual Studio 10.0\VC\bin\link.exe /ERRORREPORT:PROMPT /OUT:"C:\Users\45819\Documents\Visual Studio 2010\Projects\MsgBoxAWatcher\Debug\MsgBoxAWatcher_Ring3.exe" /INCREMENTAL /NOLOGO kernel32.lib user32.lib gdi32.lib winspool.lib comdlg32.lib advapi32.lib shell32.lib ole32.lib oleaut32.lib uuid.lib odbc32.lib odbccp32.lib /MANIFEST /ManifestFile:"Debug\MsgBoxAWatcher_Ring3.exe.intermediate.manifest" /MANIFESTUAC:"level='asInvoker' uiAccess='false'" /DEBUG /PDB:"C:\Users\45819\Documents\Visual Studio 2010\Projects\MsgBoxAWatcher\Debug\MsgBoxAWatcher_Ring3.pdb" /SUBSYSTEM:CONSOLE /TLBID:1 /DYNAMICBASE /NXCOMPAT /IMPLIB:"C:\Users\45819\Documents\Visual Studio 2010\Projects\MsgBoxAWatcher\Debug\MsgBoxAWatcher_Ring3.lib" /MACHINE:X86 Debug\MsgBoxAWatcher_Ring3.exe.embed.manifest.res
         Debug\MsgBoxAWatcher_Ring3.obj
         Debug\stdafx.obj
         MsgBoxAWatcher_Ring3.vcxproj -> C:\Users\45819\Documents\Visual Studio 2010\Projects\MsgBoxAWatcher\Debug\MsgBoxAWatcher_Ring3.exe
       FinalizeBuildStatus:
         正在删除文件“Debug\MsgBoxAWatcher_Ring3.unsuccessfulbuild”。
         正在对“Debug\MsgBoxAWatcher_Ring3.lastbuildstate”执行 Touch 任务。
     1>已完成生成项目“C:\Users\45819\Documents\Visual Studio 2010\Projects\MsgBoxAWatcher\MsgBoxAWatcher_Ring3\MsgBoxAWatcher_Ring3.vcxproj”(rebuild 个目标)的操作。

生成成功。

已用时间 00:00:03.21
