C:\USERS\45819\DOCUMENTS\VISUAL STUDIO 2010\PROJECTS\MSGBOXAWATCHER\DEBUG\MSGBOXAWATCHER_RING3.EXE
C:\USERS\45819\DOCUMENTS\VISUAL STUDIO 2010\PROJECTS\MSGBOXAWATCHER\DEBUG\MSGBOXAWATCHER_RING3.ILK
C:\USERS\45819\DOCUMENTS\VISUAL STUDIO 2010\PROJECTS\MSGBOXAWATCHER\DEBUG\MSGBOXAWATCHER_RING3.PDB
C:\Users\45819\Documents\Visual Studio 2010\Projects\MsgBoxAWatcher\MsgBoxAWatcher_Ring3\Debug\cl.command.1.tlog
C:\Users\45819\Documents\Visual Studio 2010\Projects\MsgBoxAWatcher\MsgBoxAWatcher_Ring3\Debug\CL.read.1.tlog
C:\Users\45819\Documents\Visual Studio 2010\Projects\MsgBoxAWatcher\MsgBoxAWatcher_Ring3\Debug\CL.write.1.tlog
C:\Users\45819\Documents\Visual Studio 2010\Projects\MsgBoxAWatcher\MsgBoxAWatcher_Ring3\Debug\link.12140.read.1.tlog
C:\Users\45819\Documents\Visual Studio 2010\Projects\MsgBoxAWatcher\MsgBoxAWatcher_Ring3\Debug\link.12140.write.1.tlog
C:\Users\45819\Documents\Visual Studio 2010\Projects\MsgBoxAWatcher\MsgBoxAWatcher_Ring3\Debug\link.12140-cvtres.read.1.tlog
C:\Users\45819\Documents\Visual Studio 2010\Projects\MsgBoxAWatcher\MsgBoxAWatcher_Ring3\Debug\link.12140-cvtres.write.1.tlog
C:\Users\45819\Documents\Visual Studio 2010\Projects\MsgBoxAWatcher\MsgBoxAWatcher_Ring3\Debug\link.command.1.tlog
C:\Users\45819\Documents\Visual Studio 2010\Projects\MsgBoxAWatcher\MsgBoxAWatcher_Ring3\Debug\link.read.1.tlog
C:\Users\45819\Documents\Visual Studio 2010\Projects\MsgBoxAWatcher\MsgBoxAWatcher_Ring3\Debug\link.write.1.tlog
C:\Users\45819\Documents\Visual Studio 2010\Projects\MsgBoxAWatcher\MsgBoxAWatcher_Ring3\Debug\link-cvtres.read.1.tlog
C:\Users\45819\Documents\Visual Studio 2010\Projects\MsgBoxAWatcher\MsgBoxAWatcher_Ring3\Debug\link-cvtres.write.1.tlog
C:\USERS\45819\DOCUMENTS\VISUAL STUDIO 2010\PROJECTS\MSGBOXAWATCHER\MSGBOXAWATCHER_RING3\DEBUG\MSGBOXAWATCHER_RING3.EXE.EMBED.MANIFEST
C:\USERS\45819\DOCUMENTS\VISUAL STUDIO 2010\PROJECTS\MSGBOXAWATCHER\MSGBOXAWATCHER_RING3\DEBUG\MSGBOXAWATCHER_RING3.EXE.EMBED.MANIFEST.RES
C:\USERS\45819\DOCUMENTS\VISUAL STUDIO 2010\PROJECTS\MSGBOXAWATCHER\MSGBOXAWATCHER_RING3\DEBUG\MSGBOXAWATCHER_RING3.EXE.INTERMEDIATE.MANIFEST
C:\USERS\45819\DOCUMENTS\VISUAL STUDIO 2010\PROJECTS\MSGBOXAWATCHER\MSGBOXAWATCHER_RING3\DEBUG\MSGBOXAWATCHER_RING3.OBJ
C:\USERS\45819\DOCUMENTS\VISUAL STUDIO 2010\PROJECTS\MSGBOXAWATCHER\MSGBOXAWATCHER_RING3\DEBUG\MSGBOXAWATCHER_RING3.PCH
C:\Users\45819\Documents\Visual Studio 2010\Projects\MsgBoxAWatcher\MsgBoxAWatcher_Ring3\Debug\MsgBoxAWatcher_Ring3.vcxprojResolveAssemblyReference.cache
C:\Users\45819\Documents\Visual Studio 2010\Projects\MsgBoxAWatcher\MsgBoxAWatcher_Ring3\Debug\MsgBoxAWatcher_Ring3.write.1.tlog
C:\Users\45819\Documents\Visual Studio 2010\Projects\MsgBoxAWatcher\MsgBoxAWatcher_Ring3\Debug\MsgBoxAWatcher_Ring3_manifest.rc
C:\Users\45819\Documents\Visual Studio 2010\Projects\MsgBoxAWatcher\MsgBoxAWatcher_Ring3\Debug\mt.command.1.tlog
C:\Users\45819\Documents\Visual Studio 2010\Projects\MsgBoxAWatcher\MsgBoxAWatcher_Ring3\Debug\mt.read.1.tlog
C:\Users\45819\Documents\Visual Studio 2010\Projects\MsgBoxAWatcher\MsgBoxAWatcher_Ring3\Debug\mt.write.1.tlog
C:\Users\45819\Documents\Visual Studio 2010\Projects\MsgBoxAWatcher\MsgBoxAWatcher_Ring3\Debug\rc.command.1.tlog
C:\Users\45819\Documents\Visual Studio 2010\Projects\MsgBoxAWatcher\MsgBoxAWatcher_Ring3\Debug\rc.read.1.tlog
C:\Users\45819\Documents\Visual Studio 2010\Projects\MsgBoxAWatcher\MsgBoxAWatcher_Ring3\Debug\rc.write.1.tlog
C:\USERS\45819\DOCUMENTS\VISUAL STUDIO 2010\PROJECTS\MSGBOXAWATCHER\MSGBOXAWATCHER_RING3\DEBUG\STDAFX.OBJ
C:\Users\45819\Documents\Visual Studio 2010\Projects\MsgBoxAWatcher\MsgBoxAWatcher_Ring3\Debug\vc100.idb
C:\USERS\45819\DOCUMENTS\VISUAL STUDIO 2010\PROJECTS\MSGBOXAWATCHER\MSGBOXAWATCHER_RING3\DEBUG\VC100.PDB
